{"message":"Fri Sep 03 2021 11:01:36 GMT+0000 - Registration Failed - User rafe.mulla@gmail.com is already exist ","level":"error","timestamp":"2021-09-03T11:01:37.568Z"}
{"message":"Fri Sep 03 2021 11:01:36 GMT+0000 - Registration Failed - User rafe.mulla@gmail.com is already exist ","level":"error","timestamp":"2021-09-03T11:02:47.986Z"}
{"message":"Fri Sep 03 2021 11:03:27 GMT+0000 - Registration Failed - User rafe.mulla@gmail.com is already exist ","level":"error","timestamp":"2021-09-03T11:03:29.746Z"}
{"message":"Fri Sep 03 2021 11:03:46 GMT+0000 - Registration Failed - User rafe.mulla@gmail.com is already exist ","level":"error","timestamp":"2021-09-03T11:03:47.923Z"}
{"message":"Fri Sep 03 2021 11:04:36 GMT+0000 - Registration Failed - User rafe.mulla@gmail.com is already exist ","level":"error","timestamp":"2021-09-03T11:04:37.976Z"}
{"message":"Fri Sep 03 2021 11:04:51 GMT+0000 - Registration Failed - User rafe.mulla@gmail.com is already exist ","level":"error","timestamp":"2021-09-03T11:04:53.129Z"}
{"message":"Fri Sep 03 2021 11:05:12 GMT+0000 - Registration Failed - User rafe.mulla@gmail.com is already exist ","level":"error","timestamp":"2021-09-03T11:05:14.026Z"}
{"message":"Fri Sep 03 2021 11:05:52 GMT+0000 - Registration Failed - User rafe.mulla@gmail.com is already exist ","level":"error","timestamp":"2021-09-03T11:05:55.041Z"}
{"message":"Fri Sep 03 2021 11:06:04 GMT+0000 - Registration Failed - User rafe.mulla@gmail.com is already exist ","level":"error","timestamp":"2021-09-03T11:06:05.620Z"}
{"message":"Fri Sep 03 2021 11:06:32 GMT+0000 - Registration Failed - User rafe.mulla@gmail.com is already exist ","level":"error","timestamp":"2021-09-03T11:06:33.846Z"}
{"message":"Fri Sep 03 2021 11:07:27 GMT+0000 - Registration Failed - User rafe.mulla@gmail.com is already exist ","level":"error","timestamp":"2021-09-03T11:07:30.111Z"}
{"message":"Fri Sep 03 2021 11:08:17 GMT+0000 - Registration Failed - User rafe.mulla@gmail.com is already exist ","level":"error","timestamp":"2021-09-03T11:08:18.920Z"}
{"message":"Fri Sep 03 2021 11:15:05 GMT+0000 - Login Failed - Invalid Password!\" ","level":"error","timestamp":"2021-09-03T11:17:22.742Z"}
{"message":"Fri Sep 03 2021 11:15:05 GMT+0000 - Login Failed - Invalid Password!\" ","level":"error","timestamp":"2021-09-03T11:17:30.612Z"}
{"message":"Fri Sep 03 2021 11:15:05 GMT+0000 - Login Failed - Invalid Password!\" ","level":"error","timestamp":"2021-09-03T11:20:04.461Z"}
{"message":"Fri Sep 03 2021 11:15:05 GMT+0000 - Login Failed - Invalid Password!\" ","level":"error","timestamp":"2021-09-03T11:20:15.842Z"}
{"message":"Fri Sep 03 2021 11:15:05 GMT+0000 - Login Failed - Invalid Password!\" ","level":"error","timestamp":"2021-09-03T11:20:25.889Z"}
{"message":"Fri Sep 03 2021 11:23:09 GMT+0000 - Registration Failed - User rafe.mulla@gmail.com is already exist ","level":"error","timestamp":"2021-09-03T11:23:11.737Z"}
{"message":"Fri Sep 03 2021 11:23:09 GMT+0000 - Registration Failed - Data too long for column 'password' at row 1 ","level":"error","timestamp":"2021-09-03T11:23:23.534Z"}
{"message":"Fri Sep 03 2021 11:23:09 GMT+0000 - Login Failed - Invalid Password!\" ","level":"error","timestamp":"2021-09-04T09:49:48.089Z"}
{"message":"Fri Sep 03 2021 11:23:09 GMT+0000 - Login Failed - Invalid email!\" ","level":"error","timestamp":"2021-09-04T09:50:51.417Z"}
{"message":"Fri Sep 03 2021 11:23:09 GMT+0000 - Login Failed - Invalid Password!\" ","level":"error","timestamp":"2021-09-04T09:51:01.171Z"}
{"message":"Sat Sep 04 2021 20:11:48 GMT+0000 - Login Failed - connect ECONNREFUSED 127.0.0.1:3307 ","level":"error","timestamp":"2021-09-04T20:12:47.404Z"}
{"message":"Sat Sep 04 2021 20:11:48 GMT+0000 - Login Failed - connect ECONNREFUSED 127.0.0.1:3307 ","level":"error","timestamp":"2021-09-04T20:13:08.127Z"}
{"message":"Sat Sep 04 2021 20:11:48 GMT+0000 - Login Failed - connect ECONNREFUSED 127.0.0.1:3307 ","level":"error","timestamp":"2021-09-04T20:13:20.045Z"}
{"message":"Tue Oct 12 2021 20:32:18 GMT+0000 - Login Failed - Invalid Password!\" ","level":"error","timestamp":"2021-10-14T06:07:12.789Z"}
{"message":"Tue Nov 02 2021 10:24:43 GMT+0000 - Login Failed - Too many connections ","level":"error","timestamp":"2021-11-03T08:46:01.218Z"}
